<?xml version="1.0" encoding="utf-8"?><testsuites name="pytest tests"><testsuite name="pytest" errors="0" failures="0" skipped="0" tests="12" time="14.850" timestamp="2026-02-19T08:32:01.514415+00:00" hostname="agent-env-1ee9c9fb-d9b4-4dd9-b3cb-4876152402ef"><testcase classname="tests.test_v23_features.TestV23Features" name="test_api_health" time="0.564" /><testcase classname="tests.test_v23_features.TestV23Features" name="test_existing_valuation_has_15_comparables" time="0.541" /><testcase classname="tests.test_v23_features.TestV23Features" name="test_comparables_have_negotiation_adjustment" time="0.497" /><testcase classname="tests.test_v23_features.TestV23Features" name="test_create_valuation_with_other_features" time="0.524" /><testcase classname="tests.test_v23_features.TestV23Features" name="test_generate_comparables_returns_15" time="2.164" /><testcase classname="tests.test_v23_features.TestV23Features" name="test_generate_comparables_append_mode" time="2.047" /><testcase classname="tests.test_v23_features.TestV23Features" name="test_select_comparables_with_custom_negotiation" time="1.659" /><testcase classname="tests.test_v23_features.TestV23Features" name="test_negotiation_adjustment_by_property_type" time="4.773" /><testcase classname="tests.test_v23_features.TestV23Features" name="test_report_generation_has_page_breaks" time="0.558" /><testcase classname="tests.test_v23_features.TestV23Features" name="test_report_has_larger_fonts" time="0.545" /><testcase classname="tests.test_v23_features.TestValidationRules" name="test_minimum_3_comparables_required" time="0.440" /><testcase classname="tests.test_v23_features.TestValidationRules" name="test_maximum_10_comparables_allowed" time="0.426" /></testsuite></testsuites>