<?xml version="1.0" encoding="utf-8"?><testsuites name="pytest tests"><testsuite name="pytest" errors="0" failures="0" skipped="0" tests="11" time="35.926" timestamp="2026-02-19T10:48:57.810375+00:00" hostname="agent-env-4a8277e1-47ad-4019-9bd5-e3046c1399f9"><testcase classname="backend.tests.test_ai_comparables_v26.TestAPIHealth" name="test_api_health" time="0.570" /><testcase classname="backend.tests.test_ai_comparables_v26.TestAPIHealth" name="test_api_root" time="0.548" /><testcase classname="backend.tests.test_ai_comparables_v26.TestExistingValuationWithAI" name="test_get_existing_valuation_with_ai" time="0.440" /><testcase classname="backend.tests.test_ai_comparables_v26.TestExistingValuationWithAI" name="test_valuation_has_result" time="0.418" /><testcase classname="backend.tests.test_ai_comparables_v26.TestCreateValuationFlow" name="test_create_valuation" time="0.494" /><testcase classname="backend.tests.test_ai_comparables_v26.TestCreateValuationFlow" name="test_full_valuation_flow_with_ai" time="26.582" /><testcase classname="backend.tests.test_ai_comparables_v26.TestGenerateReport" name="test_generate_report_for_existing_valuation" time="4.843" /><testcase classname="backend.tests.test_ai_comparables_v26.TestAPIStats" name="test_get_stats" time="0.443" /><testcase classname="backend.tests.test_ai_comparables_v26.TestAPIStats" name="test_get_property_types" time="0.449" /><testcase classname="backend.tests.test_ai_comparables_v26.TestValuationNotFound" name="test_valuation_not_found" time="0.604" /><testcase classname="backend.tests.test_ai_comparables_v26.TestValuationNotFound" name="test_generate_comparables_not_found" time="0.405" /></testsuite></testsuites>