<?xml version="1.0" encoding="utf-8"?><testsuites name="pytest tests"><testsuite name="pytest" errors="0" failures="0" skipped="0" tests="13" time="70.298" timestamp="2026-02-19T09:05:18.353835+00:00" hostname="agent-env-bcf6f332-e2bb-43a7-94e4-61b2e42efd04"><testcase classname="backend.tests.test_v24_features.TestHealthEndpoint" name="test_health_returns_healthy" time="0.614" /><testcase classname="backend.tests.test_v24_features.TestValuationAPI" name="test_create_valuation_public_mode" time="0.589" /><testcase classname="backend.tests.test_v24_features.TestValuationAPI" name="test_generate_comparables" time="2.561" /><testcase classname="backend.tests.test_v24_features.TestValuationAPI" name="test_calculate_valuation" time="2.797" /><testcase classname="backend.tests.test_v24_features.TestReportGenerator" name="test_report_has_parques_amenity" time="9.902" /><testcase classname="backend.tests.test_v24_features.TestReportGenerator" name="test_report_has_updated_disclaimer" time="8.248" /><testcase classname="backend.tests.test_v24_features.TestReportGenerator" name="test_report_value_breakdown_title" time="10.949" /><testcase classname="backend.tests.test_v24_features.TestReportGenerator" name="test_report_public_mode_footer" time="7.578" /><testcase classname="backend.tests.test_v24_features.TestReportGenerator" name="test_report_2km_radius_note_only_valuer_mode" time="10.136" /><testcase classname="backend.tests.test_v24_features.TestLandUseVisibility" name="test_land_use_hidden_in_public_mode" time="8.127" /><testcase classname="backend.tests.test_v24_features.TestPropertyTypes" name="test_get_property_types" time="0.426" /><testcase classname="backend.tests.test_v24_features.TestStatsEndpoint" name="test_get_stats" time="0.414" /><testcase classname="backend.tests.test_v24_features.TestDashboardDataStructure" name="test_valuation_has_comparables_for_charts" time="7.783" /></testsuite></testsuites>