<?xml version="1.0" encoding="utf-8"?><testsuites name="pytest tests"><testsuite name="pytest" errors="0" failures="0" skipped="0" tests="16" time="21.949" timestamp="2026-02-19T07:21:47.762517+00:00" hostname="agent-env-1ee9c9fb-d9b4-4dd9-b3cb-4876152402ef"><testcase classname="backend.tests.test_valuation_features.TestHealthAndBasics" name="test_health_endpoint" time="0.544" /><testcase classname="backend.tests.test_valuation_features.TestHealthAndBasics" name="test_root_endpoint" time="0.407" /><testcase classname="backend.tests.test_valuation_features.TestHealthAndBasics" name="test_property_types_endpoint" time="0.526" /><testcase classname="backend.tests.test_valuation_features.TestValuationCreation" name="test_create_valuation_with_land_use" time="0.406" /><testcase classname="backend.tests.test_valuation_features.TestValuationCreation" name="test_create_valuation_without_land_use" time="0.417" /><testcase classname="backend.tests.test_valuation_features.TestValuationCreation" name="test_create_valuation_all_land_use_types" time="1.197" /><testcase classname="backend.tests.test_valuation_features.TestComparablesGeneration" name="test_generate_comparables" time="2.417" /><testcase classname="backend.tests.test_valuation_features.TestValuationCalculation" name="test_calculate_valuation" time="2.852" /><testcase classname="backend.tests.test_valuation_features.TestReportGeneration" name="test_generate_report_contains_land_use" time="9.266" /><testcase classname="backend.tests.test_valuation_features.TestReportGeneration" name="test_generate_report_contains_amenities" time="0.450" /><testcase classname="backend.tests.test_valuation_features.TestReportGeneration" name="test_generate_report_contains_thermometer" time="0.533" /><testcase classname="backend.tests.test_valuation_features.TestReportGeneration" name="test_generate_report_contains_8_tips" time="0.422" /><testcase classname="backend.tests.test_valuation_features.TestExistingSampleValuation" name="test_get_sample_valuation" time="0.424" /><testcase classname="backend.tests.test_valuation_features.TestErrorHandling" name="test_get_nonexistent_valuation" time="0.416" /><testcase classname="backend.tests.test_valuation_features.TestErrorHandling" name="test_calculate_without_comparables" time="0.817" /><testcase classname="backend.tests.test_valuation_features.TestErrorHandling" name="test_generate_report_without_calculation" time="0.799" /></testsuite></testsuites>