<?xml version="1.0" encoding="utf-8"?><testsuites name="pytest tests"><testsuite name="pytest" errors="0" failures="0" skipped="0" tests="15" time="24.512" timestamp="2026-02-19T08:10:55.537423+00:00" hostname="agent-env-1ee9c9fb-d9b4-4dd9-b3cb-4876152402ef"><testcase classname="backend.tests.test_v22_features.TestHealthEndpoints" name="test_health_endpoint" time="0.617" /><testcase classname="backend.tests.test_v22_features.TestOtherFeaturesField" name="test_create_valuation_with_other_features" time="0.541" /><testcase classname="backend.tests.test_v22_features.TestOtherFeaturesField" name="test_create_valuation_without_other_features" time="0.396" /><testcase classname="backend.tests.test_v22_features.TestExpandedLandUseCategories" name="test_land_use_jalisco_categories" time="3.421" /><testcase classname="backend.tests.test_v22_features.TestComparablesGeneration" name="test_generate_10_to_15_comparables" time="2.486" /><testcase classname="backend.tests.test_v22_features.TestNegotiationAdjustments" name="test_casa_negotiation_minus_5_percent" time="2.336" /><testcase classname="backend.tests.test_v22_features.TestNegotiationAdjustments" name="test_departamento_negotiation_minus_5_percent" time="2.339" /><testcase classname="backend.tests.test_v22_features.TestNegotiationAdjustments" name="test_terreno_negotiation_minus_8_percent" time="2.293" /><testcase classname="backend.tests.test_v22_features.TestReportFeatures" name="test_report_contains_other_features" time="8.875" /><testcase classname="backend.tests.test_v22_features.TestReportFeatures" name="test_report_contains_expanded_land_use" time="0.000" /><testcase classname="backend.tests.test_v22_features.TestReportFeatures" name="test_report_has_page_break_css" time="0.000" /><testcase classname="backend.tests.test_v22_features.TestReportFeatures" name="test_report_thermometer_with_larger_numbers" time="0.001" /><testcase classname="backend.tests.test_v22_features.TestReportFeatures" name="test_report_amenities_6_numbered_items_with_icons" time="0.000" /><testcase classname="backend.tests.test_v22_features.TestSampleValuation" name="test_sample_valuation_exists" time="0.677" /><testcase classname="backend.tests.test_v22_features.TestServiceAndLaundryRoom" name="test_create_valuation_with_service_laundry_rooms" time="0.399" /></testsuite></testsuites>