<?xml version="1.0" encoding="utf-8"?><testsuites name="pytest tests"><testsuite name="pytest" errors="0" failures="0" skipped="0" tests="15" time="58.039" timestamp="2026-02-19T09:40:06.973880+00:00" hostname="agent-env-bcf6f332-e2bb-43a7-94e4-61b2e42efd04"><testcase classname="tests.test_v25_features.TestHealthEndpoint" name="test_health_returns_healthy" time="0.535" /><testcase classname="tests.test_v25_features.TestValuationAPI" name="test_get_existing_valuation" time="0.649" /><testcase classname="tests.test_v25_features.TestValuationAPI" name="test_get_nonexistent_valuation" time="0.413" /><testcase classname="tests.test_v25_features.TestReportGeneration" name="test_generate_report_returns_html" time="6.125" /><testcase classname="tests.test_v25_features.TestReportGeneration" name="test_report_includes_inmobiliaria_profesional" time="4.956" /><testcase classname="tests.test_v25_features.TestReportGeneration" name="test_report_no_clinicas_in_amenities" time="6.073" /><testcase classname="tests.test_v25_features.TestReportGeneration" name="test_report_has_radio_2km_in_equipment_title" time="5.496" /><testcase classname="tests.test_v25_features.TestReportGeneration" name="test_report_disclaimer_no_bancaria" time="5.429" /><testcase classname="tests.test_v25_features.TestReportGeneration" name="test_report_has_12pt_base_font" time="5.564" /><testcase classname="tests.test_v25_features.TestReportGeneration" name="test_report_has_28pt_icons" time="5.243" /><testcase classname="tests.test_v25_features.TestReportGeneration" name="test_report_has_200pt_map_height" time="4.610" /><testcase classname="tests.test_v25_features.TestReportGeneration" name="test_report_shows_coordinates" time="5.682" /><testcase classname="tests.test_v25_features.TestReportGeneration" name="test_report_has_white_title" time="6.126" /><testcase classname="tests.test_v25_features.TestStatsEndpoint" name="test_stats_returns_counts" time="0.486" /><testcase classname="tests.test_v25_features.TestPropertyTypes" name="test_property_types_returns_list" time="0.556" /></testsuite></testsuites>